<?xml version="1.0" encoding="UTF-8"?>
<!-- Generated by org.testng.reporters.JUnitReportReporter -->
<testsuite hostname="DESKTOP-OS9HIGU" name="com.cucumberFramework.testRunner.TestRunner" tests="2" failures="0" timestamp="17 Jul 2020 10:49:53 GMT" time="28.244" errors="0">
  <testcase name="feature" time="15.045" classname="com.cucumberFramework.testRunner.TestRunner"/>
  <testcase name="feature" time="13.199" classname="com.cucumberFramework.testRunner.TestRunner"/>
</testsuite> <!-- com.cucumberFramework.testRunner.TestRunner -->
