<?xml version="1.0" encoding="UTF-8"?>
<!-- Generated by org.testng.reporters.JUnitReportReporter -->
<testsuite hostname="DESKTOP-OS9HIGU" name="com.cucumberFramework.testRunner.TestRunner" tests="2" failures="0" timestamp="22 Jul 2020 10:03:10 GMT" time="43.100" errors="0">
  <testcase name="feature" time="24.647" classname="com.cucumberFramework.testRunner.TestRunner"/>
  <testcase name="feature" time="18.453" classname="com.cucumberFramework.testRunner.TestRunner"/>
</testsuite> <!-- com.cucumberFramework.testRunner.TestRunner -->
